autoupdate.sh: line 7: syntax error: unexpected end of file
{
  "é¹¿å…å³¶çœŒ": [32m"352"[39m,
  "å®®åŸçœŒ": [32m"312"[39m,
  "å¤§é˜ªåºœ": [32m"331"[39m,
  "é¦™å·çœŒ": [32m"341"[39m,
  "ç¶²èµ°ãƒ»åŒ—è¦‹ãƒ»ç´‹åˆ¥åœ°æ–¹": [32m"303"[39m,
  "å¥ˆè‰¯çœŒ": [32m"335"[39m,
  "æ»‹è³€çœŒ": [32m"334"[39m,
  "ç¾¤é¦¬çœŒ": [32m"315"[39m,
  "é‡§è·¯ãƒ»æ ¹å®¤ãƒ»åå‹åœ°æ–¹": [32m"304"[39m,
  "å²©æ‰‹çœŒ": [32m"310"[39m,
  "å’Œæ­Œå±±çœŒ": [32m"336"[39m,
  "å¯Œå±±çœŒ": [32m"324"[39m,
  "ç§‹ç”°çœŒ": [32m"309"[39m,
  "çŸ³å·çœŒ": [32m"325"[39m,
  "é«˜çŸ¥çœŒ": [32m"344"[39m,
  "æ„›åª›çœŒ": [32m"342"[39m,
  "å±±æ¢¨çœŒ": [32m"321"[39m,
  "å¾³å³¶çœŒ": [32m"343"[39m,
  "çŸ³ç‹©ãƒ»ç©ºçŸ¥ãƒ»å¾Œå¿—åœ°æ–¹": [32m"306"[39m,
  "é•·é‡çœŒ": [32m"322"[39m,
  "å±±å½¢çœŒ": [32m"311"[39m,
  "å²¡å±±çœŒ": [32m"340"[39m,
  "æ±äº¬éƒ½": [32m"319"[39m,
  "åŸ¼ç‰çœŒ": [32m"317"[39m,
  "ä¸Šå·ãƒ»ç•™èŒåœ°æ–¹": [32m"302"[39m,
  "é³¥å–çœŒ": [32m"339"[39m,
  "ç†Šæœ¬çœŒ": [32m"349"[39m,
  "æ¸¡å³¶ãƒ»æªœå±±åœ°æ–¹": [32m"307"[39m,
  "æ–°æ½ŸçœŒ": [32m"323"[39m,
  "èƒ†æŒ¯ãƒ»æ—¥é«˜åœ°æ–¹": [32m"305"[39m,
  "åºƒå³¶çœŒ": [32m"338"[39m,
  "é™å²¡çœŒ": [32m"327"[39m,
  "ç¦å²¡çœŒ": [32m"346"[39m,
  "åƒè‘‰çœŒ": [32m"318"[39m,
  "æ ƒæœ¨çœŒ": [32m"316"[39m,
  "å¤§åˆ†çœŒ": [32m"350"[39m,
  "èŒ¨åŸçœŒ": [32m"314"[39m,
  "å…µåº«çœŒ": [32m"332"[39m,
  "ä¸‰é‡çœŒ": [32m"330"[39m,
  "å®—è°·åœ°æ–¹": [32m"301"[39m,
  "ä½è³€çœŒ": [32m"347"[39m,
  "ç¦å³¶çœŒ": [32m"313"[39m,
  "æ„›çŸ¥çœŒ": [32m"329"[39m,
  "å±±å£çœŒ": [32m"345"[39m,
  "å®®å´çœŒ": [32m"351"[39m,
  "å³¶æ ¹çœŒ": [32m"337"[39m,
  "é•·å´çœŒ": [32m"348"[39m,
  "äº¬éƒ½åºœ": [32m"333"[39m,
  "ç¦äº•çœŒ": [32m"326"[39m,
  "é’æ£®çœŒ": [32m"308"[39m,
  "ç¥å¥ˆå·çœŒ": [32m"320"[39m,
  "å²é˜œçœŒ": [32m"328"[39m,
  "æ²–ç¸„æœ¬å³¶åœ°æ–¹": [32m"353"[39m,
  "å¤§æ±å³¶åœ°æ–¹": [32m"354"[39m,
  "å®®å¤å³¶åœ°æ–¹": [32m"355"[39m,
  "å…«é‡å±±åœ°æ–¹": [32m"356"[39m
}
[
  [ [32m"id"[39m, [32m"ISO3166-2"[39m, [32m"pref"[39m, [32m"area"[39m, [32m"url"[39m ],
  [ [32m"301"[39m, [32m"JP-01"[39m, [32m"åŒ—æµ·é“"[39m, [32m"å®—è°·åœ°æ–¹"[39m, [32m"https://www.jma.go.jp/jp/warn/301_table.html"[39m ],
  [
    [32m"302"[39m,
    [32m"JP-01"[39m,
    [32m"åŒ—æµ·é“"[39m,
    [32m"ä¸Šå·ãƒ»ç•™èŒåœ°æ–¹"[39m,
    [32m"https://www.jma.go.jp/jp/warn/302_table.html"[39m
  ],
  [
    [32m"303"[39m,
    [32m"JP-01"[39m,
    [32m"åŒ—æµ·é“"[39m,
    [32m"ç¶²èµ°ãƒ»åŒ—è¦‹ãƒ»ç´‹åˆ¥åœ°æ–¹"[39m,
    [32m"https://www.jma.go.jp/jp/warn/303_table.html"[39m
  ],
  [
    [32m"304"[39m,
    [32m"JP-01"[39m,
    [32m"åŒ—æµ·é“"[39m,
    [32m"é‡§è·¯ãƒ»æ ¹å®¤ãƒ»åå‹åœ°æ–¹"[39m,
    [32m"https://www.jma.go.jp/jp/warn/304_table.html"[39m
  ],
  [
    [32m"305"[39m,
    [32m"JP-01"[39m,
    [32m"åŒ—æµ·é“"[39m,
    [32m"èƒ†æŒ¯ãƒ»æ—¥é«˜åœ°æ–¹"[39m,
    [32m"https://www.jma.go.jp/jp/warn/305_table.html"[39m
  ],
  [
    [32m"306"[39m,
    [32m"JP-01"[39m,
    [32m"åŒ—æµ·é“"[39m,
    [32m"çŸ³ç‹©ãƒ»ç©ºçŸ¥ãƒ»å¾Œå¿—åœ°æ–¹"[39m,
    [32m"https://www.jma.go.jp/jp/warn/306_table.html"[39m
  ],
  [
    [32m"307"[39m,
    [32m"JP-01"[39m,
    [32m"åŒ—æµ·é“"[39m,
    [32m"æ¸¡å³¶ãƒ»æªœå±±åœ°æ–¹"[39m,
    [32m"https://www.jma.go.jp/jp/warn/307_table.html"[39m
  ],
  [ [32m"308"[39m, [32m"JP-02"[39m, [32m"é’æ£®çœŒ"[39m, [32m""[39m, [32m"https://www.jma.go.jp/jp/warn/308_table.html"[39m ],
  [ [32m"309"[39m, [32m"JP-05"[39m, [32m"ç§‹ç”°çœŒ"[39m, [32m""[39m, [32m"https://www.jma.go.jp/jp/warn/309_table.html"[39m ],
  [ [32m"310"[39m, [32m"JP-03"[39m, [32m"å²©æ‰‹çœŒ"[39m, [32m""[39m, [32m"https://www.jma.go.jp/jp/warn/310_table.html"[39m ],
  [ [32m"311"[39m, [32m"JP-06"[39m, [32m"å±±å½¢çœŒ"[39m, [32m""[39m, [32m"https://www.jma.go.jp/jp/warn/311_table.html"[39m ],
  [ [32m"312"[39m, [32m"JP-04"[39m, [32m"å®®åŸçœŒ"[39m, [32m""[39m, [32m"https://www.jma.go.jp/jp/warn/312_table.html"[39m ],
  [ [32m"313"[39m, [32m"JP-07"[39m, [32m"ç¦å³¶çœŒ"[39m, [32m""[39m, [32m"https://www.jma.go.jp/jp/warn/313_table.html"[39m ],
  [ [32m"314"[39m, [32m"JP-08"[39m, [32m"èŒ¨åŸçœŒ"[39m, [32m""[39m, [32m"https://www.jma.go.jp/jp/warn/314_table.html"[39m ],
  [ [32m"315"[39m, [32m"JP-10"[39m, [32m"ç¾¤é¦¬çœŒ"[39m, [32m""[39m, [32m"https://www.jma.go.jp/jp/warn/315_table.html"[39m ],
  [ [32m"316"[39m, [32m"JP-09"[39m, [32m"æ ƒæœ¨çœŒ"[39m, [32m""[39m, [32m"https://www.jma.go.jp/jp/warn/316_table.html"[39m ],
  [ [32m"317"[39m, [32m"JP-11"[39m, [32m"åŸ¼ç‰çœŒ"[39m, [32m""[39m, [32m"https://www.jma.go.jp/jp/warn/317_table.html"[39m ],
  [ [32m"318"[39m, [32m"JP-12"[39m, [32m"åƒè‘‰çœŒ"[39m, [32m""[39m, [32m"https://www.jma.go.jp/jp/warn/318_table.html"[39m ],
  [ [32m"319"[39m, [32m"JP-13"[39m, [32m"æ±äº¬éƒ½"[39m, [32m""[39m, [32m"https://www.jma.go.jp/jp/warn/319_table.html"[39m ],
  [ [32m"320"[39m, [32m"JP-14"[39m, [32m"ç¥å¥ˆå·çœŒ"[39m, [32m""[39m, [32m"https://www.jma.go.jp/jp/warn/320_table.html"[39m ],
  [ [32m"321"[39m, [32m"JP-19"[39m, [32m"å±±æ¢¨çœŒ"[39m, [32m""[39m, [32m"https://www.jma.go.jp/jp/warn/321_table.html"[39m ],
  [ [32m"322"[39m, [32m"JP-20"[39m, [32m"é•·é‡çœŒ"[39m, [32m""[39m, [32m"https://www.jma.go.jp/jp/warn/322_table.html"[39m ],
  [ [32m"323"[39m, [32m"JP-15"[39m, [32m"æ–°æ½ŸçœŒ"[39m, [32m""[39m, [32m"https://www.jma.go.jp/jp/warn/323_table.html"[39m ],
  [ [32m"324"[39m, [32m"JP-16"[39m, [32m"å¯Œå±±çœŒ"[39m, [32m""[39m, [32m"https://www.jma.go.jp/jp/warn/324_table.html"[39m ],
  [ [32m"325"[39m, [32m"JP-17"[39m, [32m"çŸ³å·çœŒ"[39m, [32m""[39m, [32m"https://www.jma.go.jp/jp/warn/325_table.html"[39m ],
  [ [32m"326"[39m, [32m"JP-18"[39m, [32m"ç¦äº•çœŒ"[39m, [32m""[39m, [32m"https://www.jma.go.jp/jp/warn/326_table.html"[39m ],
  [ [32m"327"[39m, [32m"JP-22"[39m, [32m"é™å²¡çœŒ"[39m, [32m""[39m, [32m"https://www.jma.go.jp/jp/warn/327_table.html"[39m ],
  [ [32m"328"[39m, [32m"JP-21"[39m, [32m"å²é˜œçœŒ"[39m, [32m""[39m, [32m"https://www.jma.go.jp/jp/warn/328_table.html"[39m ],
  [ [32m"329"[39m, [32m"JP-23"[39m, [32m"æ„›çŸ¥çœŒ"[39m, [32m""[39m, [32m"https://www.jma.go.jp/jp/warn/329_table.html"[39m ],
  [ [32m"330"[39m, [32m"JP-24"[39m, [32m"ä¸‰é‡çœŒ"[39m, [32m""[39m, [32m"https://www.jma.go.jp/jp/warn/330_table.html"[39m ],
  [ [32m"331"[39m, [32m"JP-27"[39m, [32m"å¤§é˜ªåºœ"[39m, [32m""[39m, [32m"https://www.jma.go.jp/jp/warn/331_table.html"[39m ],
  [ [32m"332"[39m, [32m"JP-28"[39m, [32m"å…µåº«çœŒ"[39m, [32m""[39m, [32m"https://www.jma.go.jp/jp/warn/332_table.html"[39m ],
  [ [32m"333"[39m, [32m"JP-26"[39m, [32m"äº¬éƒ½åºœ"[39m, [32m""[39m, [32m"https://www.jma.go.jp/jp/warn/333_table.html"[39m ],
  [ [32m"334"[39m, [32m"JP-25"[39m, [32m"æ»‹è³€çœŒ"[39m, [32m""[39m, [32m"https://www.jma.go.jp/jp/warn/334_table.html"[39m ],
  [ [32m"335"[39m, [32m"JP-29"[39m, [32m"å¥ˆè‰¯çœŒ"[39m, [32m""[39m, [32m"https://www.jma.go.jp/jp/warn/335_table.html"[39m ],
  [ [32m"336"[39m, [32m"JP-30"[39m, [32m"å’Œæ­Œå±±çœŒ"[39m, [32m""[39m, [32m"https://www.jma.go.jp/jp/warn/336_table.html"[39m ],
  [ [32m"337"[39m, [32m"JP-32"[39m, [32m"å³¶æ ¹çœŒ"[39m, [32m""[39m, [32m"https://www.jma.go.jp/jp/warn/337_table.html"[39m ],
  [ [32m"338"[39m, [32m"JP-34"[39m, [32m"åºƒå³¶çœŒ"[39m, [32m""[39m, [32m"https://www.jma.go.jp/jp/warn/338_table.html"[39m ],
  [ [32m"339"[39m, [32m"JP-31"[39m, [32m"é³¥å–çœŒ"[39m, [32m""[39m, [32m"https://www.jma.go.jp/jp/warn/339_table.html"[39m ],
  [ [32m"340"[39m, [32m"JP-33"[39m, [32m"å²¡å±±çœŒ"[39m, [32m""[39m, [32m"https://www.jma.go.jp/jp/warn/340_table.html"[39m ],
  [ [32m"341"[39m, [32m"JP-37"[39m, [32m"é¦™å·çœŒ"[39m, [32m""[39m, [32m"https://www.jma.go.jp/jp/warn/341_table.html"[39m ],
  [ [32m"342"[39m, [32m"JP-38"[39m, [32m"æ„›åª›çœŒ"[39m, [32m""[39m, [32m"https://www.jma.go.jp/jp/warn/342_table.html"[39m ],
  [ [32m"343"[39m, [32m"JP-36"[39m, [32m"å¾³å³¶çœŒ"[39m, [32m""[39m, [32m"https://www.jma.go.jp/jp/warn/343_table.html"[39m ],
  [ [32m"344"[39m, [32m"JP-39"[39m, [32m"é«˜çŸ¥çœŒ"[39m, [32m""[39m, [32m"https://www.jma.go.jp/jp/warn/344_table.html"[39m ],
  [ [32m"345"[39m, [32m"JP-35"[39m, [32m"å±±å£çœŒ"[39m, [32m""[39m, [32m"https://www.jma.go.jp/jp/warn/345_table.html"[39m ],
  [ [32m"346"[39m, [32m"JP-40"[39m, [32m"ç¦å²¡çœŒ"[39m, [32m""[39m, [32m"https://www.jma.go.jp/jp/warn/346_table.html"[39m ],
  [ [32m"347"[39m, [32m"JP-41"[39m, [32m"ä½è³€çœŒ"[39m, [32m""[39m, [32m"https://www.jma.go.jp/jp/warn/347_table.html"[39m ],
  [ [32m"348"[39m, [32m"JP-42"[39m, [32m"é•·å´çœŒ"[39m, [32m""[39m, [32m"https://www.jma.go.jp/jp/warn/348_table.html"[39m ],
  [ [32m"349"[39m, [32m"JP-43"[39m, [32m"ç†Šæœ¬çœŒ"[39m, [32m""[39m, [32m"https://www.jma.go.jp/jp/warn/349_table.html"[39m ],
  [ [32m"350"[39m, [32m"JP-44"[39m, [32m"å¤§åˆ†çœŒ"[39m, [32m""[39m, [32m"https://www.jma.go.jp/jp/warn/350_table.html"[39m ],
  [ [32m"351"[39m, [32m"JP-45"[39m, [32m"å®®å´çœŒ"[39m, [32m""[39m, [32m"https://www.jma.go.jp/jp/warn/351_table.html"[39m ],
  [ [32m"352"[39m, [32m"JP-46"[39m, [32m"é¹¿å…å³¶çœŒ"[39m, [32m""[39m, [32m"https://www.jma.go.jp/jp/warn/352_table.html"[39m ],
  [
    [32m"353"[39m,
    [32m"JP-47"[39m,
    [32m"æ²–ç¸„çœŒ"[39m,
    [32m"æ²–ç¸„æœ¬å³¶åœ°æ–¹"[39m,
    [32m"https://www.jma.go.jp/jp/warn/353_table.html"[39m
  ],
  [ [32m"354"[39m, [32m"JP-47"[39m, [32m"æ²–ç¸„çœŒ"[39m, [32m"å¤§æ±å³¶åœ°æ–¹"[39m, [32m"https://www.jma.go.jp/jp/warn/354_table.html"[39m ],
  [ [32m"355"[39m, [32m"JP-47"[39m, [32m"æ²–ç¸„çœŒ"[39m, [32m"å®®å¤å³¶åœ°æ–¹"[39m, [32m"https://www.jma.go.jp/jp/warn/355_table.html"[39m ],
  [ [32m"356"[39m, [32m"JP-47"[39m, [32m"æ²–ç¸„çœŒ"[39m, [32m"å…«é‡å±±åœ°æ–¹"[39m, [32m"https://www.jma.go.jp/jp/warn/356_table.html"[39m ]
]
301
302
303
304
305
306
307
308
309
310
311
312
313
314
315
316
317
318
319
320
321
322
323
324
325
326
327
328
329
330
331
332
333
334
335
336
337
338
339
340
341
342
343
344
345
346
347
348
349
350
351
352
353
354
355
356
updated! 202101090020
